[09:26:01:954] [ERROR] - org.springframework.boot.SpringApplication.reportFailure(SpringApplication.java:771) - Application startup failed
java.lang.IllegalStateException: java.io.FileNotFoundException: class path resource [/config/log4j2-dev.xml] cannot be resolved to URL because it does not exist
	at org.springframework.boot.logging.LoggingApplicationListener.initializeSystem(LoggingApplicationListener.java:315) ~[spring-boot-1.5.8.RELEASE.jar:1.5.8.RELEASE]
	at org.springframework.boot.logging.LoggingApplicationListener.initialize(LoggingApplicationListener.java:276) ~[spring-boot-1.5.8.RELEASE.jar:1.5.8.RELEASE]
	at org.springframework.boot.logging.LoggingApplicationListener.onApplicationEnvironmentPreparedEvent(LoggingApplicationListener.java:239) ~[spring-boot-1.5.8.RELEASE.jar:1.5.8.RELEASE]
	at org.springframework.boot.logging.LoggingApplicationListener.onApplicationEvent(LoggingApplicationListener.java:212) ~[spring-boot-1.5.8.RELEASE.jar:1.5.8.RELEASE]
	at org.springframework.context.event.SimpleApplicationEventMulticaster.doInvokeListener(SimpleApplicationEventMulticaster.java:172) ~[spring-context-4.3.12.RELEASE.jar:4.3.12.RELEASE]
	at org.springframework.context.event.SimpleApplicationEventMulticaster.invokeListener(SimpleApplicationEventMulticaster.java:165) ~[spring-context-4.3.12.RELEASE.jar:4.3.12.RELEASE]
	at org.springframework.context.event.SimpleApplicationEventMulticaster.multicastEvent(SimpleApplicationEventMulticaster.java:139) ~[spring-context-4.3.12.RELEASE.jar:4.3.12.RELEASE]
	at org.springframework.context.event.SimpleApplicationEventMulticaster.multicastEvent(SimpleApplicationEventMulticaster.java:122) ~[spring-context-4.3.12.RELEASE.jar:4.3.12.RELEASE]
	at org.springframework.boot.context.event.EventPublishingRunListener.environmentPrepared(EventPublishingRunListener.java:74) ~[spring-boot-1.5.8.RELEASE.jar:1.5.8.RELEASE]
	at org.springframework.boot.SpringApplicationRunListeners.environmentPrepared(SpringApplicationRunListeners.java:54) ~[spring-boot-1.5.8.RELEASE.jar:1.5.8.RELEASE]
	at org.springframework.boot.SpringApplication.prepareEnvironment(SpringApplication.java:325) [spring-boot-1.5.8.RELEASE.jar:1.5.8.RELEASE]
	at org.springframework.boot.SpringApplication.run(SpringApplication.java:296) [spring-boot-1.5.8.RELEASE.jar:1.5.8.RELEASE]
	at org.springframework.boot.SpringApplication.run(SpringApplication.java:1118) [spring-boot-1.5.8.RELEASE.jar:1.5.8.RELEASE]
	at org.springframework.boot.SpringApplication.run(SpringApplication.java:1107) [spring-boot-1.5.8.RELEASE.jar:1.5.8.RELEASE]
	at com.fanglv.bbt.BbtAdminAppliaction.main(BbtAdminAppliaction.java:13) [classes/:?]
Caused by: java.io.FileNotFoundException: class path resource [/config/log4j2-dev.xml] cannot be resolved to URL because it does not exist
	at org.springframework.util.ResourceUtils.getURL(ResourceUtils.java:135) ~[spring-core-4.3.12.RELEASE.jar:4.3.12.RELEASE]
	at org.springframework.boot.logging.LoggingApplicationListener.initializeSystem(LoggingApplicationListener.java:307) ~[spring-boot-1.5.8.RELEASE.jar:1.5.8.RELEASE]
	... 14 more
