[09:26:01:954] [ERROR] - org.springframework.boot.SpringApplication.reportFailure(SpringApplication.java:771) - Application startup failed
java.lang.IllegalStateException: java.io.FileNotFoundException: class path resource [/config/log4j2-dev.xml] cannot be resolved to URL because it does not exist
	at org.springframework.boot.logging.LoggingApplicationListener.initializeSystem(LoggingApplicationListener.java:315) ~[spring-boot-1.5.8.RELEASE.jar:1.5.8.RELEASE]
	at org.springframework.boot.logging.LoggingApplicationListener.initialize(LoggingApplicationListener.java:276) ~[spring-boot-1.5.8.RELEASE.jar:1.5.8.RELEASE]
	at org.springframework.boot.logging.LoggingApplicationListener.onApplicationEnvironmentPreparedEvent(LoggingApplicationListener.java:239) ~[spring-boot-1.5.8.RELEASE.jar:1.5.8.RELEASE]
	at org.springframework.boot.logging.LoggingApplicationListener.onApplicationEvent(LoggingApplicationListener.java:212) ~[spring-boot-1.5.8.RELEASE.jar:1.5.8.RELEASE]
	at org.springframework.context.event.SimpleApplicationEventMulticaster.doInvokeListener(SimpleApplicationEventMulticaster.java:172) ~[spring-context-4.3.12.RELEASE.jar:4.3.12.RELEASE]
	at org.springframework.context.event.SimpleApplicationEventMulticaster.invokeListener(SimpleApplicationEventMulticaster.java:165) ~[spring-context-4.3.12.RELEASE.jar:4.3.12.RELEASE]
	at org.springframework.context.event.SimpleApplicationEventMulticaster.multicastEvent(SimpleApplicationEventMulticaster.java:139) ~[spring-context-4.3.12.RELEASE.jar:4.3.12.RELEASE]
	at org.springframework.context.event.SimpleApplicationEventMulticaster.multicastEvent(SimpleApplicationEventMulticaster.java:122) ~[spring-context-4.3.12.RELEASE.jar:4.3.12.RELEASE]
	at org.springframework.boot.context.event.EventPublishingRunListener.environmentPrepared(EventPublishingRunListener.java:74) ~[spring-boot-1.5.8.RELEASE.jar:1.5.8.RELEASE]
	at org.springframework.boot.SpringApplicationRunListeners.environmentPrepared(SpringApplicationRunListeners.java:54) ~[spring-boot-1.5.8.RELEASE.jar:1.5.8.RELEASE]
	at org.springframework.boot.SpringApplication.prepareEnvironment(SpringApplication.java:325) [spring-boot-1.5.8.RELEASE.jar:1.5.8.RELEASE]
	at org.springframework.boot.SpringApplication.run(SpringApplication.java:296) [spring-boot-1.5.8.RELEASE.jar:1.5.8.RELEASE]
	at org.springframework.boot.SpringApplication.run(SpringApplication.java:1118) [spring-boot-1.5.8.RELEASE.jar:1.5.8.RELEASE]
	at org.springframework.boot.SpringApplication.run(SpringApplication.java:1107) [spring-boot-1.5.8.RELEASE.jar:1.5.8.RELEASE]
	at com.fanglv.bbt.BbtAdminAppliaction.main(BbtAdminAppliaction.java:13) [classes/:?]
Caused by: java.io.FileNotFoundException: class path resource [/config/log4j2-dev.xml] cannot be resolved to URL because it does not exist
	at org.springframework.util.ResourceUtils.getURL(ResourceUtils.java:135) ~[spring-core-4.3.12.RELEASE.jar:4.3.12.RELEASE]
	at org.springframework.boot.logging.LoggingApplicationListener.initializeSystem(LoggingApplicationListener.java:307) ~[spring-boot-1.5.8.RELEASE.jar:1.5.8.RELEASE]
	... 14 more
[09:26:50:811] [INFO] - org.springframework.boot.StartupInfoLogger.logStarting(StartupInfoLogger.java:48) - Starting BbtAdminAppliaction on SKYUSER-KF1KMMH with PID 4812 (E:\bigxiong\fanglv-bbt-parent\fanglv-bbt-admin\target\classes started by Administrator in E:\bigxiong\fanglv-bbt-parent)
[09:26:50:814] [INFO] - org.springframework.boot.SpringApplication.logStartupProfileInfo(SpringApplication.java:597) - The following profiles are active: dev
[09:26:50:897] [INFO] - org.springframework.context.support.AbstractApplicationContext.prepareRefresh(AbstractApplicationContext.java:583) - Refreshing org.springframework.boot.context.embedded.AnnotationConfigEmbeddedWebApplicationContext@3cebbb30: startup date [Tue Mar 27 09:26:50 CST 2018]; root of context hierarchy
[09:26:51:079] [INFO] - org.hibernate.validator.internal.util.Version.<clinit>(Version.java:30) - HV000001: Hibernate Validator 5.3.5.Final
[09:26:52:398] [INFO] - org.springframework.context.support.PostProcessorRegistrationDelegate$BeanPostProcessorChecker.postProcessAfterInitialization(PostProcessorRegistrationDelegate.java:327) - Bean 'org.springframework.transaction.annotation.ProxyTransactionManagementConfiguration' of type [org.springframework.transaction.annotation.ProxyTransactionManagementConfiguration$$EnhancerBySpringCGLIB$$58d84393] is not eligible for getting processed by all BeanPostProcessors (for example: not eligible for auto-proxying)
[09:26:52:942] [INFO] - org.springframework.boot.context.embedded.tomcat.TomcatEmbeddedServletContainer.initialize(TomcatEmbeddedServletContainer.java:89) - Tomcat initialized with port(s): 8380 (http)
[09:26:52:952] [INFO] - org.apache.juli.logging.DirectJDKLog.log(DirectJDKLog.java:179) - Starting service [Tomcat]
[09:26:52:953] [INFO] - org.apache.juli.logging.DirectJDKLog.log(DirectJDKLog.java:179) - Starting Servlet Engine: Apache Tomcat/8.5.23
[09:26:53:048] [INFO] - org.apache.juli.logging.DirectJDKLog.log(DirectJDKLog.java:179) - Initializing Spring embedded WebApplicationContext
[09:26:53:048] [INFO] - org.springframework.boot.context.embedded.EmbeddedWebApplicationContext.prepareEmbeddedWebApplicationContext(EmbeddedWebApplicationContext.java:276) - Root WebApplicationContext: initialization completed in 2154 ms
[09:26:53:246] [INFO] - org.springframework.boot.web.servlet.ServletRegistrationBean.onStartup(ServletRegistrationBean.java:190) - Mapping servlet: 'dispatcherServlet' to [/]
[09:26:53:246] [INFO] - org.springframework.boot.web.servlet.ServletRegistrationBean.onStartup(ServletRegistrationBean.java:190) - Mapping servlet: 'statViewServlet' to [/druid/*]
[09:26:53:246] [INFO] - org.springframework.boot.web.servlet.AbstractFilterRegistrationBean.configure(AbstractFilterRegistrationBean.java:258) - Mapping filter: 'characterEncodingFilter' to: [/*]
[09:26:53:246] [INFO] - org.springframework.boot.web.servlet.AbstractFilterRegistrationBean.configure(AbstractFilterRegistrationBean.java:258) - Mapping filter: 'hiddenHttpMethodFilter' to: [/*]
[09:26:53:246] [INFO] - org.springframework.boot.web.servlet.AbstractFilterRegistrationBean.configure(AbstractFilterRegistrationBean.java:258) - Mapping filter: 'httpPutFormContentFilter' to: [/*]
[09:26:53:246] [INFO] - org.springframework.boot.web.servlet.AbstractFilterRegistrationBean.configure(AbstractFilterRegistrationBean.java:258) - Mapping filter: 'requestContextFilter' to: [/*]
[09:26:53:246] [INFO] - org.springframework.boot.web.servlet.AbstractFilterRegistrationBean.configure(AbstractFilterRegistrationBean.java:271) - Mapping filter: 'webStatFilter' to urls: [/*]
[09:26:53:780] [INFO] - org.springframework.web.servlet.handler.AbstractHandlerMethodMapping$MappingRegistry.register(AbstractHandlerMethodMapping.java:543) - Mapped "{[/demo/{id}],methods=[GET]}" onto public com.fanglv.bbt.dto.DemoDto com.fanglv.bbt.controller.TestController.getDemoDto(java.lang.Long)
[09:26:53:781] [INFO] - org.springframework.web.servlet.handler.AbstractHandlerMethodMapping$MappingRegistry.register(AbstractHandlerMethodMapping.java:543) - Mapped "{[/demo/{id}],methods=[PUT]}" onto public java.lang.String com.fanglv.bbt.controller.TestController.updateDemoDto(java.lang.Long,com.fanglv.bbt.dto.DemoDto)
[09:26:53:781] [INFO] - org.springframework.web.servlet.handler.AbstractHandlerMethodMapping$MappingRegistry.register(AbstractHandlerMethodMapping.java:543) - Mapped "{[/demo],methods=[POST]}" onto public java.lang.String com.fanglv.bbt.controller.TestController.addDemoDto(com.fanglv.bbt.dto.DemoDto)
[09:26:53:781] [INFO] - org.springframework.web.servlet.handler.AbstractHandlerMethodMapping$MappingRegistry.register(AbstractHandlerMethodMapping.java:543) - Mapped "{[/demo],methods=[GET]}" onto public java.util.List<com.fanglv.bbt.dto.DemoDto> com.fanglv.bbt.controller.TestController.findDemoDtos()
[09:26:53:782] [INFO] - org.springframework.web.servlet.handler.AbstractHandlerMethodMapping$MappingRegistry.register(AbstractHandlerMethodMapping.java:543) - Mapped "{[/demo/{id}],methods=[DELETE]}" onto public java.lang.String com.fanglv.bbt.controller.TestController.deleteDemoDtoById(java.lang.Long)
[09:26:53:782] [INFO] - org.springframework.web.servlet.handler.AbstractHandlerMethodMapping$MappingRegistry.register(AbstractHandlerMethodMapping.java:543) - Mapped "{[/v2/api-docs],methods=[GET]}" onto public org.springframework.http.ResponseEntity<springfox.documentation.spring.web.json.Json> springfox.documentation.swagger2.web.Swagger2Controller.getDocumentation(java.lang.String)
[09:26:53:784] [INFO] - org.springframework.web.servlet.handler.AbstractHandlerMethodMapping$MappingRegistry.register(AbstractHandlerMethodMapping.java:543) - Mapped "{[/configuration/ui]}" onto org.springframework.http.ResponseEntity<springfox.documentation.swagger.web.UiConfiguration> springfox.documentation.swagger.web.ApiResourceController.uiConfiguration()
[09:26:53:785] [INFO] - org.springframework.web.servlet.handler.AbstractHandlerMethodMapping$MappingRegistry.register(AbstractHandlerMethodMapping.java:543) - Mapped "{[/configuration/security]}" onto org.springframework.http.ResponseEntity<springfox.documentation.swagger.web.SecurityConfiguration> springfox.documentation.swagger.web.ApiResourceController.securityConfiguration()
[09:26:53:786] [INFO] - org.springframework.web.servlet.handler.AbstractHandlerMethodMapping$MappingRegistry.register(AbstractHandlerMethodMapping.java:543) - Mapped "{[/swagger-resources]}" onto org.springframework.http.ResponseEntity<java.util.List<springfox.documentation.swagger.web.SwaggerResource>> springfox.documentation.swagger.web.ApiResourceController.swaggerResources()
[09:26:53:788] [INFO] - org.springframework.web.servlet.handler.AbstractHandlerMethodMapping$MappingRegistry.register(AbstractHandlerMethodMapping.java:543) - Mapped "{[/error]}" onto public org.springframework.http.ResponseEntity<java.util.Map<java.lang.String, java.lang.Object>> org.springframework.boot.autoconfigure.web.BasicErrorController.error(javax.servlet.http.HttpServletRequest)
[09:26:53:788] [INFO] - org.springframework.web.servlet.handler.AbstractHandlerMethodMapping$MappingRegistry.register(AbstractHandlerMethodMapping.java:543) - Mapped "{[/error],produces=[text/html]}" onto public org.springframework.web.servlet.ModelAndView org.springframework.boot.autoconfigure.web.BasicErrorController.errorHtml(javax.servlet.http.HttpServletRequest,javax.servlet.http.HttpServletResponse)
[09:26:54:666] [INFO] - com.alibaba.druid.pool.DruidDataSource.init(DruidDataSource.java:932) - {dataSource-1} inited
[09:26:55:123] [INFO] - org.springframework.web.servlet.mvc.method.annotation.RequestMappingHandlerAdapter.initControllerAdviceCache(RequestMappingHandlerAdapter.java:534) - Looking for @ControllerAdvice: org.springframework.boot.context.embedded.AnnotationConfigEmbeddedWebApplicationContext@3cebbb30: startup date [Tue Mar 27 09:26:50 CST 2018]; root of context hierarchy
[09:26:55:176] [INFO] - org.springframework.web.servlet.handler.AbstractUrlHandlerMapping.registerHandler(AbstractUrlHandlerMapping.java:362) - Mapped URL path [/webjars/**] onto handler of type [class org.springframework.web.servlet.resource.ResourceHttpRequestHandler]
[09:26:55:176] [INFO] - org.springframework.web.servlet.handler.AbstractUrlHandlerMapping.registerHandler(AbstractUrlHandlerMapping.java:362) - Mapped URL path [/**] onto handler of type [class org.springframework.web.servlet.resource.ResourceHttpRequestHandler]
[09:26:55:209] [INFO] - org.springframework.web.servlet.handler.AbstractUrlHandlerMapping.registerHandler(AbstractUrlHandlerMapping.java:362) - Mapped URL path [/**/favicon.ico] onto handler of type [class org.springframework.web.servlet.resource.ResourceHttpRequestHandler]
[09:26:55:467] [INFO] - org.springframework.jmx.export.MBeanExporter.afterSingletonsInstantiated(MBeanExporter.java:431) - Registering beans for JMX exposure on startup
[09:26:55:467] [INFO] - org.springframework.jmx.export.MBeanExporter.autodetect(MBeanExporter.java:916) - Bean with name 'statFilter' has been autodetected for JMX exposure
[09:26:55:467] [INFO] - org.springframework.jmx.export.MBeanExporter.autodetect(MBeanExporter.java:916) - Bean with name 'dataSource' has been autodetected for JMX exposure
[09:26:55:478] [INFO] - org.springframework.jmx.export.MBeanExporter.registerBeanInstance(MBeanExporter.java:671) - Located MBean 'dataSource': registering with JMX server as MBean [com.alibaba.druid.spring.boot.autoconfigure:name=dataSource,type=DruidDataSourceWrapper]
[09:26:55:479] [INFO] - org.springframework.jmx.export.MBeanExporter.registerBeanInstance(MBeanExporter.java:671) - Located MBean 'statFilter': registering with JMX server as MBean [com.alibaba.druid.filter.stat:name=statFilter,type=StatFilter]
[09:26:55:486] [INFO] - springfox.documentation.spring.web.plugins.DocumentationPluginsBootstrapper.onApplicationEvent(DocumentationPluginsBootstrapper.java:80) - Context refreshed
[09:26:55:508] [INFO] - springfox.documentation.spring.web.plugins.DocumentationPluginsBootstrapper.onApplicationEvent(DocumentationPluginsBootstrapper.java:83) - Found {0} custom documentation plugin(s)
[09:26:55:513] [INFO] - springfox.documentation.spring.web.scanners.ApiListingReferenceScanner.scan(ApiListingReferenceScanner.java:53) - Scanning for api listing references
[09:26:55:513] [INFO] - springfox.documentation.swagger.web.ClassOrApiAnnotationResourceGrouping$1.apply(ClassOrApiAnnotationResourceGrouping.java:100) - Group for method getDemoDto was test-controller
[09:26:55:513] [INFO] - springfox.documentation.spring.web.scanners.ApiListingReferenceScanner.scan(ApiListingReferenceScanner.java:72) - Request mapping: getDemoDto belongs to groups: [[ResourceGroup{groupName='test-controller', position=0, controller=com.fanglv.bbt.controller.TestController}]] 
[09:26:55:513] [INFO] - springfox.documentation.swagger.web.ClassOrApiAnnotationResourceGrouping$1.apply(ClassOrApiAnnotationResourceGrouping.java:100) - Group for method updateDemoDto was test-controller
[09:26:55:513] [INFO] - springfox.documentation.spring.web.scanners.ApiListingReferenceScanner.scan(ApiListingReferenceScanner.java:72) - Request mapping: updateDemoDto belongs to groups: [[ResourceGroup{groupName='test-controller', position=0, controller=com.fanglv.bbt.controller.TestController}]] 
[09:26:55:513] [INFO] - springfox.documentation.swagger.web.ClassOrApiAnnotationResourceGrouping$1.apply(ClassOrApiAnnotationResourceGrouping.java:100) - Group for method deleteDemoDtoById was test-controller
[09:26:55:513] [INFO] - springfox.documentation.spring.web.scanners.ApiListingReferenceScanner.scan(ApiListingReferenceScanner.java:72) - Request mapping: deleteDemoDtoById belongs to groups: [[ResourceGroup{groupName='test-controller', position=0, controller=com.fanglv.bbt.controller.TestController}]] 
[09:26:55:513] [INFO] - springfox.documentation.swagger.web.ClassOrApiAnnotationResourceGrouping$1.apply(ClassOrApiAnnotationResourceGrouping.java:100) - Group for method addDemoDto was test-controller
[09:26:55:513] [INFO] - springfox.documentation.spring.web.scanners.ApiListingReferenceScanner.scan(ApiListingReferenceScanner.java:72) - Request mapping: addDemoDto belongs to groups: [[ResourceGroup{groupName='test-controller', position=0, controller=com.fanglv.bbt.controller.TestController}]] 
[09:26:55:513] [INFO] - springfox.documentation.swagger.web.ClassOrApiAnnotationResourceGrouping$1.apply(ClassOrApiAnnotationResourceGrouping.java:100) - Group for method findDemoDtos was test-controller
[09:26:55:513] [INFO] - springfox.documentation.spring.web.scanners.ApiListingReferenceScanner.scan(ApiListingReferenceScanner.java:72) - Request mapping: findDemoDtos belongs to groups: [[ResourceGroup{groupName='test-controller', position=0, controller=com.fanglv.bbt.controller.TestController}]] 
[09:26:55:523] [INFO] - springfox.documentation.spring.web.scanners.ApiListingReferenceScanner.scan(ApiListingReferenceScanner.java:84) - Created resource listing Path: /default/test-controller Description: test-controller Position: 0
[09:26:55:533] [INFO] - springfox.documentation.schema.ModelContextKeyGenerator.generate(ModelContextKeyGenerator.java:46) - Cache Key Generated: java.lang.String(true)
[09:26:55:533] [INFO] - springfox.documentation.spring.web.caching.CachingAspect.modelsAndDependencies(CachingAspect.java:79) - Caching aspect applied for cache models with key java.lang.String(true)
[09:26:55:544] [INFO] - springfox.documentation.schema.ModelContextKeyGenerator.generate(ModelContextKeyGenerator.java:46) - Cache Key Generated: java.lang.String(true)
[09:26:55:544] [INFO] - springfox.documentation.spring.web.caching.CachingAspect.modelsAndDependencies(CachingAspect.java:79) - Caching aspect applied for cache modelDependencies with key java.lang.String(true)
[09:26:55:549] [INFO] - springfox.documentation.schema.ModelContextKeyGenerator.generate(ModelContextKeyGenerator.java:46) - Cache Key Generated: com.fanglv.bbt.dto.DemoDto(false)
[09:26:55:549] [INFO] - springfox.documentation.spring.web.caching.CachingAspect.modelsAndDependencies(CachingAspect.java:79) - Caching aspect applied for cache models with key com.fanglv.bbt.dto.DemoDto(false)
[09:26:55:550] [INFO] - springfox.documentation.schema.property.ModelPropertiesKeyGenerator.generate(ModelPropertiesKeyGenerator.java:48) - Cache key generated: com.fanglv.bbt.dto.DemoDto(false)
[09:26:55:550] [INFO] - springfox.documentation.spring.web.caching.CachingAspect.operationsAndProperties(CachingAspect.java:68) - Caching aspect applied for cache modelProperties with key com.fanglv.bbt.dto.DemoDto(false)
[09:26:55:570] [INFO] - springfox.documentation.schema.ModelContextKeyGenerator.generate(ModelContextKeyGenerator.java:46) - Cache Key Generated: com.fanglv.bbt.dto.DemoDto(false)
[09:26:55:570] [INFO] - springfox.documentation.spring.web.caching.CachingAspect.modelsAndDependencies(CachingAspect.java:79) - Caching aspect applied for cache modelDependencies with key com.fanglv.bbt.dto.DemoDto(false)
[09:26:55:571] [INFO] - springfox.documentation.schema.property.ModelPropertiesKeyGenerator.generate(ModelPropertiesKeyGenerator.java:48) - Cache key generated: com.fanglv.bbt.dto.DemoDto(false)
[09:26:55:571] [INFO] - springfox.documentation.spring.web.caching.CachingAspect.operationsAndProperties(CachingAspect.java:68) - Caching aspect applied for cache modelProperties with key com.fanglv.bbt.dto.DemoDto(false)
[09:26:55:573] [INFO] - springfox.documentation.spring.web.OperationsKeyGenerator.generate(OperationsKeyGenerator.java:51) - Cache key generated: /demo.com.fanglv.bbt.controller.TestController.addDemoDto.DefaultGenericTypeNamingStrategy
[09:26:55:573] [INFO] - springfox.documentation.spring.web.caching.CachingAspect.operationsAndProperties(CachingAspect.java:68) - Caching aspect applied for cache operations with key /demo.com.fanglv.bbt.controller.TestController.addDemoDto.DefaultGenericTypeNamingStrategy
[09:26:55:579] [INFO] - springfox.documentation.swagger.web.ClassOrApiAnnotationResourceGrouping$1.apply(ClassOrApiAnnotationResourceGrouping.java:100) - Group for method addDemoDto was test-controller
[09:26:55:599] [INFO] - springfox.documentation.swagger.web.ClassOrApiAnnotationResourceGrouping$1.apply(ClassOrApiAnnotationResourceGrouping.java:100) - Group for method addDemoDto was test-controller
[09:26:55:599] [INFO] - springfox.documentation.schema.ModelContextKeyGenerator.generate(ModelContextKeyGenerator.java:46) - Cache Key Generated: java.lang.String(true)
[09:26:55:599] [INFO] - springfox.documentation.spring.web.caching.CachingAspect.modelsAndDependencies(CachingAspect.java:79) - Caching aspect applied for cache models with key java.lang.String(true)
[09:26:55:599] [INFO] - springfox.documentation.schema.ModelContextKeyGenerator.generate(ModelContextKeyGenerator.java:46) - Cache Key Generated: java.lang.String(true)
[09:26:55:599] [INFO] - springfox.documentation.spring.web.caching.CachingAspect.modelsAndDependencies(CachingAspect.java:79) - Caching aspect applied for cache modelDependencies with key java.lang.String(true)
[09:26:55:599] [INFO] - springfox.documentation.spring.web.OperationsKeyGenerator.generate(OperationsKeyGenerator.java:51) - Cache key generated: /demo/{id}.com.fanglv.bbt.controller.TestController.deleteDemoDtoById.DefaultGenericTypeNamingStrategy
[09:26:55:599] [INFO] - springfox.documentation.spring.web.caching.CachingAspect.operationsAndProperties(CachingAspect.java:68) - Caching aspect applied for cache operations with key /demo/{id}.com.fanglv.bbt.controller.TestController.deleteDemoDtoById.DefaultGenericTypeNamingStrategy
[09:26:55:610] [INFO] - springfox.documentation.swagger.web.ClassOrApiAnnotationResourceGrouping$1.apply(ClassOrApiAnnotationResourceGrouping.java:100) - Group for method deleteDemoDtoById was test-controller
[09:26:55:612] [INFO] - springfox.documentation.swagger.web.ClassOrApiAnnotationResourceGrouping$1.apply(ClassOrApiAnnotationResourceGrouping.java:100) - Group for method deleteDemoDtoById was test-controller
[09:26:55:614] [INFO] - springfox.documentation.schema.ModelContextKeyGenerator.generate(ModelContextKeyGenerator.java:46) - Cache Key Generated: java.util.List<com.fanglv.bbt.dto.DemoDto>(true)
[09:26:55:614] [INFO] - springfox.documentation.spring.web.caching.CachingAspect.modelsAndDependencies(CachingAspect.java:79) - Caching aspect applied for cache models with key java.util.List<com.fanglv.bbt.dto.DemoDto>(true)
[09:26:55:614] [INFO] - springfox.documentation.schema.ModelContextKeyGenerator.generate(ModelContextKeyGenerator.java:46) - Cache Key Generated: java.util.List<com.fanglv.bbt.dto.DemoDto>(true)
[09:26:55:614] [INFO] - springfox.documentation.spring.web.caching.CachingAspect.modelsAndDependencies(CachingAspect.java:79) - Caching aspect applied for cache modelDependencies with key java.util.List<com.fanglv.bbt.dto.DemoDto>(true)
[09:26:55:615] [INFO] - springfox.documentation.schema.property.ModelPropertiesKeyGenerator.generate(ModelPropertiesKeyGenerator.java:48) - Cache key generated: com.fanglv.bbt.dto.DemoDto(true)
[09:26:55:615] [INFO] - springfox.documentation.spring.web.caching.CachingAspect.operationsAndProperties(CachingAspect.java:68) - Caching aspect applied for cache modelProperties with key com.fanglv.bbt.dto.DemoDto(true)
[09:26:55:616] [INFO] - springfox.documentation.schema.property.ModelPropertiesKeyGenerator.generate(ModelPropertiesKeyGenerator.java:48) - Cache key generated: java.util.List<com.fanglv.bbt.dto.DemoDto>(true)
[09:26:55:616] [INFO] - springfox.documentation.spring.web.caching.CachingAspect.operationsAndProperties(CachingAspect.java:68) - Caching aspect applied for cache modelProperties with key java.util.List<com.fanglv.bbt.dto.DemoDto>(true)
[09:26:55:617] [INFO] - springfox.documentation.schema.property.ModelPropertiesKeyGenerator.generate(ModelPropertiesKeyGenerator.java:48) - Cache key generated: com.fanglv.bbt.dto.DemoDto(true)
[09:26:55:617] [INFO] - springfox.documentation.spring.web.caching.CachingAspect.operationsAndProperties(CachingAspect.java:68) - Caching aspect applied for cache modelProperties with key com.fanglv.bbt.dto.DemoDto(true)
[09:26:55:617] [INFO] - springfox.documentation.spring.web.OperationsKeyGenerator.generate(OperationsKeyGenerator.java:51) - Cache key generated: /demo.com.fanglv.bbt.controller.TestController.findDemoDtos.DefaultGenericTypeNamingStrategy
[09:26:55:617] [INFO] - springfox.documentation.spring.web.caching.CachingAspect.operationsAndProperties(CachingAspect.java:68) - Caching aspect applied for cache operations with key /demo.com.fanglv.bbt.controller.TestController.findDemoDtos.DefaultGenericTypeNamingStrategy
[09:26:55:618] [INFO] - springfox.documentation.swagger.web.ClassOrApiAnnotationResourceGrouping$1.apply(ClassOrApiAnnotationResourceGrouping.java:100) - Group for method findDemoDtos was test-controller
[09:26:55:619] [INFO] - springfox.documentation.swagger.web.ClassOrApiAnnotationResourceGrouping$1.apply(ClassOrApiAnnotationResourceGrouping.java:100) - Group for method findDemoDtos was test-controller
[09:26:55:621] [INFO] - springfox.documentation.schema.ModelContextKeyGenerator.generate(ModelContextKeyGenerator.java:46) - Cache Key Generated: com.fanglv.bbt.dto.DemoDto(true)
[09:26:55:621] [INFO] - springfox.documentation.spring.web.caching.CachingAspect.modelsAndDependencies(CachingAspect.java:79) - Caching aspect applied for cache models with key com.fanglv.bbt.dto.DemoDto(true)
[09:26:55:621] [INFO] - springfox.documentation.schema.property.ModelPropertiesKeyGenerator.generate(ModelPropertiesKeyGenerator.java:48) - Cache key generated: com.fanglv.bbt.dto.DemoDto(true)
[09:26:55:621] [INFO] - springfox.documentation.spring.web.caching.CachingAspect.operationsAndProperties(CachingAspect.java:68) - Caching aspect applied for cache modelProperties with key com.fanglv.bbt.dto.DemoDto(true)
[09:26:55:621] [INFO] - springfox.documentation.schema.ModelContextKeyGenerator.generate(ModelContextKeyGenerator.java:46) - Cache Key Generated: com.fanglv.bbt.dto.DemoDto(true)
[09:26:55:622] [INFO] - springfox.documentation.spring.web.caching.CachingAspect.modelsAndDependencies(CachingAspect.java:79) - Caching aspect applied for cache modelDependencies with key com.fanglv.bbt.dto.DemoDto(true)
[09:26:55:622] [INFO] - springfox.documentation.schema.property.ModelPropertiesKeyGenerator.generate(ModelPropertiesKeyGenerator.java:48) - Cache key generated: com.fanglv.bbt.dto.DemoDto(true)
[09:26:55:622] [INFO] - springfox.documentation.spring.web.caching.CachingAspect.operationsAndProperties(CachingAspect.java:68) - Caching aspect applied for cache modelProperties with key com.fanglv.bbt.dto.DemoDto(true)
[09:26:55:622] [INFO] - springfox.documentation.spring.web.OperationsKeyGenerator.generate(OperationsKeyGenerator.java:51) - Cache key generated: /demo/{id}.com.fanglv.bbt.controller.TestController.getDemoDto.DefaultGenericTypeNamingStrategy
[09:26:55:623] [INFO] - springfox.documentation.spring.web.caching.CachingAspect.operationsAndProperties(CachingAspect.java:68) - Caching aspect applied for cache operations with key /demo/{id}.com.fanglv.bbt.controller.TestController.getDemoDto.DefaultGenericTypeNamingStrategy
[09:26:55:624] [INFO] - springfox.documentation.swagger.web.ClassOrApiAnnotationResourceGrouping$1.apply(ClassOrApiAnnotationResourceGrouping.java:100) - Group for method getDemoDto was test-controller
[09:26:55:625] [INFO] - springfox.documentation.swagger.web.ClassOrApiAnnotationResourceGrouping$1.apply(ClassOrApiAnnotationResourceGrouping.java:100) - Group for method getDemoDto was test-controller
[09:26:55:626] [INFO] - springfox.documentation.schema.ModelContextKeyGenerator.generate(ModelContextKeyGenerator.java:46) - Cache Key Generated: java.lang.String(true)
[09:26:55:626] [INFO] - springfox.documentation.spring.web.caching.CachingAspect.modelsAndDependencies(CachingAspect.java:79) - Caching aspect applied for cache models with key java.lang.String(true)
[09:26:55:626] [INFO] - springfox.documentation.schema.ModelContextKeyGenerator.generate(ModelContextKeyGenerator.java:46) - Cache Key Generated: java.lang.String(true)
[09:26:55:626] [INFO] - springfox.documentation.spring.web.caching.CachingAspect.modelsAndDependencies(CachingAspect.java:79) - Caching aspect applied for cache modelDependencies with key java.lang.String(true)
[09:26:55:626] [INFO] - springfox.documentation.schema.ModelContextKeyGenerator.generate(ModelContextKeyGenerator.java:46) - Cache Key Generated: com.fanglv.bbt.dto.DemoDto(false)
[09:26:55:627] [INFO] - springfox.documentation.spring.web.caching.CachingAspect.modelsAndDependencies(CachingAspect.java:79) - Caching aspect applied for cache models with key com.fanglv.bbt.dto.DemoDto(false)
[09:26:55:627] [INFO] - springfox.documentation.schema.ModelContextKeyGenerator.generate(ModelContextKeyGenerator.java:46) - Cache Key Generated: com.fanglv.bbt.dto.DemoDto(false)
[09:26:55:627] [INFO] - springfox.documentation.spring.web.caching.CachingAspect.modelsAndDependencies(CachingAspect.java:79) - Caching aspect applied for cache modelDependencies with key com.fanglv.bbt.dto.DemoDto(false)
[09:26:55:628] [INFO] - springfox.documentation.spring.web.OperationsKeyGenerator.generate(OperationsKeyGenerator.java:51) - Cache key generated: /demo/{id}.com.fanglv.bbt.controller.TestController.updateDemoDto.DefaultGenericTypeNamingStrategy
[09:26:55:628] [INFO] - springfox.documentation.spring.web.caching.CachingAspect.operationsAndProperties(CachingAspect.java:68) - Caching aspect applied for cache operations with key /demo/{id}.com.fanglv.bbt.controller.TestController.updateDemoDto.DefaultGenericTypeNamingStrategy
[09:26:55:630] [INFO] - springfox.documentation.swagger.web.ClassOrApiAnnotationResourceGrouping$1.apply(ClassOrApiAnnotationResourceGrouping.java:100) - Group for method updateDemoDto was test-controller
[09:26:55:631] [INFO] - springfox.documentation.swagger.web.ClassOrApiAnnotationResourceGrouping$1.apply(ClassOrApiAnnotationResourceGrouping.java:100) - Group for method updateDemoDto was test-controller
[09:26:55:645] [INFO] - org.apache.juli.logging.DirectJDKLog.log(DirectJDKLog.java:179) - Initializing ProtocolHandler ["http-nio-8380"]
[09:26:55:655] [INFO] - org.apache.juli.logging.DirectJDKLog.log(DirectJDKLog.java:179) - Starting ProtocolHandler ["http-nio-8380"]
[09:26:55:665] [INFO] - org.apache.juli.logging.DirectJDKLog.log(DirectJDKLog.java:179) - Using a shared selector for servlet write/read
[09:26:55:683] [INFO] - org.springframework.boot.context.embedded.tomcat.TomcatEmbeddedServletContainer.start(TomcatEmbeddedServletContainer.java:201) - Tomcat started on port(s): 8380 (http)
[09:26:55:687] [INFO] - org.springframework.boot.StartupInfoLogger.logStarted(StartupInfoLogger.java:57) - Started BbtAdminAppliaction in 5.438 seconds (JVM running for 6.274)
